# JRE version: Java(TM) SE Runtime Environment (11.0.2+9) (build 11.0.2+9-LTS)
# Java VM: Java HotSpot(TM) 64-Bit Server VM (11.0.2+9-LTS, mixed mode, tiered, compressed oops, g1 gc, windows-amd64)
Heap:
 garbage-first heap   total 290816K, used 197936K [0x0000000740400000, 0x0000000800000000)
  region size 1024K, 173 young (177152K), 17 survivors (17408K)
 Metaspace       used 76777K, capacity 78465K, committed 78592K, reserved 1118208K
  class space    used 9781K, capacity 10430K, committed 10496K, reserved 1048576K
GC Heap History (10 events):
Event: 4.447 GC heap after
{Heap after GC invocations=7 (full 0):
 garbage-first heap   total 236544K, used 16275K [0x0000000740400000, 0x0000000800000000)
  region size 1024K, 11 young (11264K), 11 survivors (11264K)
 Metaspace       used 34632K, capacity 35508K, committed 35712K, reserved 1081344K
  class space    used 4084K, capacity 4448K, committed 4480K, reserved 1048576K
}
Event: 4.514 GC heap before
{Heap before GC invocations=7 (full 0):
 garbage-first heap   total 236544K, used 19347K [0x0000000740400000, 0x0000000800000000)
  region size 1024K, 15 young (15360K), 11 survivors (11264K)
 Metaspace       used 34946K, capacity 35796K, committed 35840K, reserved 1081344K
  class space    used 4137K, capacity 4480K, committed 4480K, reserved 1048576K
}
Event: 4.532 GC heap after
{Heap after GC invocations=8 (full 0):
 garbage-first heap   total 236544K, used 16291K [0x0000000740400000, 0x0000000800000000)
  region size 1024K, 9 young (9216K), 9 survivors (9216K)
 Metaspace       used 34946K, capacity 35796K, committed 35840K, reserved 1081344K
  class space    used 4137K, capacity 4480K, committed 4480K, reserved 1048576K
}
Event: 5.925 GC heap before
{Heap before GC invocations=9 (full 0):
 garbage-first heap   total 236544K, used 147363K [0x0000000740400000, 0x0000000800000000)
  region size 1024K, 138 young (141312K), 9 survivors (9216K)
 Metaspace       used 42401K, capacity 43474K, committed 43648K, reserved 1087488K
  class space    used 5004K, capacity 5448K, committed 5504K, reserved 1048576K
}
Event: 5.940 GC heap after
{Heap after GC invocations=10 (full 0):
 garbage-first heap   total 236544K, used 24915K [0x0000000740400000, 0x0000000800000000)
  region size 1024K, 18 young (18432K), 18 survivors (18432K)
 Metaspace       used 42401K, capacity 43474K, committed 43648K, reserved 1087488K
  class space    used 5004K, capacity 5448K, committed 5504K, reserved 1048576K
}
Event: 8.134 GC heap before
{Heap before GC invocations=10 (full 0):
 garbage-first heap   total 236544K, used 139603K [0x0000000740400000, 0x0000000800000000)
  region size 1024K, 132 young (135168K), 18 survivors (18432K)
 Metaspace       used 59036K, capacity 60195K, committed 60288K, reserved 1101824K
  class space    used 7406K, capacity 7894K, committed 7936K, reserved 1048576K
}
Event: 8.168 GC heap after
{Heap after GC invocations=11 (full 0):
 garbage-first heap   total 236544K, used 29630K [0x0000000740400000, 0x0000000800000000)
  region size 1024K, 14 young (14336K), 14 survivors (14336K)
 Metaspace       used 59036K, capacity 60195K, committed 60288K, reserved 1101824K
  class space    used 7406K, capacity 7894K, committed 7936K, reserved 1048576K
}
Event: 10.931 GC heap before
{Heap before GC invocations=12 (full 0):
 garbage-first heap   total 236544K, used 156606K [0x0000000740400000, 0x0000000800000000)
  region size 1024K, 138 young (141312K), 14 survivors (14336K)
 Metaspace       used 69001K, capacity 70514K, committed 70528K, reserved 1110016K
  class space    used 8722K, capacity 9333K, committed 9344K, reserved 1048576K
}
Event: 10.955 GC heap after
{Heap after GC invocations=13 (full 0):
 garbage-first heap   total 290816K, used 38192K [0x0000000740400000, 0x0000000800000000)
  region size 1024K, 14 young (14336K), 14 survivors (14336K)
 Metaspace       used 69001K, capacity 70514K, committed 70528K, reserved 1110016K
  class space    used 8722K, capacity 9333K, committed 9344K, reserved 1048576K
}
Event: 17.917 GC heap before
{Heap before GC invocations=14 (full 0):
 garbage-first heap   total 290816K, used 197936K [0x0000000740400000, 0x0000000800000000)
  region size 1024K, 170 young (174080K), 14 survivors (14336K)
 Metaspace       used 76777K, capacity 78465K, committed 78592K, reserved 1118208K
  class space    used 9781K, capacity 10430K, committed 10496K, reserved 1048576K
}

